[debug] [2024-07-31T13:29:39.694Z] ----------------------------------------------------------------------
[debug] [2024-07-31T13:29:39.702Z] Command:       C:\Program Files\nodejs\node.exe C:\Users\sndwe\AppData\Local\pnpm\global\5\node_modules\firebase-tools\lib\bin\firebase.js deploy
[debug] [2024-07-31T13:29:39.702Z] CLI Version:   13.0.2
[debug] [2024-07-31T13:29:39.702Z] Platform:      win32
[debug] [2024-07-31T13:29:39.703Z] Node Version:  v20.10.0
[debug] [2024-07-31T13:29:39.703Z] Time:          Wed Jul 31 2024 22:29:39 GMT+0900 (日本標準時)
[debug] [2024-07-31T13:29:39.703Z] ----------------------------------------------------------------------
[debug] 
[debug] [2024-07-31T13:29:39.822Z] > command requires scopes: ["email","openid","https://www.googleapis.com/auth/cloudplatformprojects.readonly","https://www.googleapis.com/auth/firebase","https://www.googleapis.com/auth/cloud-platform"]
[debug] [2024-07-31T13:29:39.823Z] > authorizing via signed-in user (snd.webdev@gmail.com)
[debug] [2024-07-31T13:29:39.823Z] [iam] checking project sandaime-hyoutan for permissions ["firebase.projects.get","firebasehosting.sites.update"]
[debug] [2024-07-31T13:29:39.826Z] >>> [apiv2][query] POST https://cloudresourcemanager.googleapis.com/v1/projects/sandaime-hyoutan:testIamPermissions [none]
[debug] [2024-07-31T13:29:39.827Z] >>> [apiv2][(partial)header] POST https://cloudresourcemanager.googleapis.com/v1/projects/sandaime-hyoutan:testIamPermissions x-goog-quota-user=projects/sandaime-hyoutan
[debug] [2024-07-31T13:29:39.827Z] >>> [apiv2][body] POST https://cloudresourcemanager.googleapis.com/v1/projects/sandaime-hyoutan:testIamPermissions {"permissions":["firebase.projects.get","firebasehosting.sites.update"]}
[debug] [2024-07-31T13:29:41.007Z] <<< [apiv2][status] POST https://cloudresourcemanager.googleapis.com/v1/projects/sandaime-hyoutan:testIamPermissions 200
[debug] [2024-07-31T13:29:41.008Z] <<< [apiv2][body] POST https://cloudresourcemanager.googleapis.com/v1/projects/sandaime-hyoutan:testIamPermissions {}
[debug] [2024-07-31T13:29:41.008Z] [iam] error while checking permissions, command may fail: FirebaseError: Authorization failed. This account is missing the following required permissions on project sandaime-hyoutan:

  firebase.projects.get
  firebasehosting.sites.update
[debug] [2024-07-31T13:29:41.009Z] >>> [apiv2][query] GET https://firebase.googleapis.com/v1beta1/projects/sandaime-hyoutan [none]
[debug] [2024-07-31T13:29:41.607Z] <<< [apiv2][status] GET https://firebase.googleapis.com/v1beta1/projects/sandaime-hyoutan 403
[debug] [2024-07-31T13:29:41.608Z] <<< [apiv2][body] GET https://firebase.googleapis.com/v1beta1/projects/sandaime-hyoutan {"error":{"code":403,"message":"The caller does not have permission","status":"PERMISSION_DENIED"}}
[debug] [2024-07-31T13:29:41.609Z] HTTP Error: 403, The caller does not have permission
[error] 
[error] Error: Assertion failed: resolving hosting target of a site with no site name or target name. This should have caused an error earlier
[debug] [2024-07-31T13:30:03.396Z] ----------------------------------------------------------------------
[debug] [2024-07-31T13:30:03.400Z] Command:       C:\Program Files\nodejs\node.exe C:\Users\sndwe\AppData\Local\pnpm\global\5\node_modules\firebase-tools\lib\bin\firebase.js init hosting
[debug] [2024-07-31T13:30:03.400Z] CLI Version:   13.0.2
[debug] [2024-07-31T13:30:03.400Z] Platform:      win32
[debug] [2024-07-31T13:30:03.401Z] Node Version:  v20.10.0
[debug] [2024-07-31T13:30:03.401Z] Time:          Wed Jul 31 2024 22:30:03 GMT+0900 (日本標準時)
[debug] [2024-07-31T13:30:03.401Z] ----------------------------------------------------------------------
[debug] 
[debug] [2024-07-31T13:30:03.518Z] > command requires scopes: ["email","openid","https://www.googleapis.com/auth/cloudplatformprojects.readonly","https://www.googleapis.com/auth/firebase","https://www.googleapis.com/auth/cloud-platform"]
[debug] [2024-07-31T13:30:03.519Z] > authorizing via signed-in user (snd.webdev@gmail.com)
[info] 
     ######## #### ########  ######## ########     ###     ######  ########
     ##        ##  ##     ## ##       ##     ##  ##   ##  ##       ##
     ######    ##  ########  ######   ########  #########  ######  ######
     ##        ##  ##    ##  ##       ##     ## ##     ##       ## ##
     ##       #### ##     ## ######## ########  ##     ##  ######  ########

You're about to initialize a Firebase project in this directory:

  C:\Users\sndwe\prac\hyoutan_web_astro

Before we get started, keep in mind:

  * You are initializing within an existing Firebase project directory

[info] 
=== Project Setup
[info] 
[info] First, let's associate this project directory with a Firebase project.
[info] You can create multiple project aliases by running firebase use --add, 
[info] but for now we'll just set up a default project.
[info] 
[debug] [2024-07-31T13:30:06.336Z] Using project from CLI flag: sandaime-hyoutan
[debug] [2024-07-31T13:30:06.340Z] >>> [apiv2][query] GET https://firebase.googleapis.com/v1beta1/projects/sandaime-hyoutan [none]
[debug] [2024-07-31T13:30:07.116Z] <<< [apiv2][status] GET https://firebase.googleapis.com/v1beta1/projects/sandaime-hyoutan 403
[debug] [2024-07-31T13:30:07.117Z] <<< [apiv2][body] GET https://firebase.googleapis.com/v1beta1/projects/sandaime-hyoutan {"error":{"code":403,"message":"The caller does not have permission","status":"PERMISSION_DENIED"}}
[debug] [2024-07-31T13:30:07.117Z] HTTP Error: 403, The caller does not have permission
[debug] [2024-07-31T13:30:09.164Z] FirebaseError: HTTP Error: 403, The caller does not have permission
    at responseToError (C:\Users\sndwe\AppData\Local\pnpm\global\5\.pnpm\firebase-tools@13.0.2_encoding@0.1.13\node_modules\firebase-tools\lib\responseToError.js:49:12)
    at RetryOperation._fn (C:\Users\sndwe\AppData\Local\pnpm\global\5\.pnpm\firebase-tools@13.0.2_encoding@0.1.13\node_modules\firebase-tools\lib\apiv2.js:292:77)
    at process.processTicksAndRejections (node:internal/process/task_queues:95:5)
[error] 
[error] Error: Failed to get Firebase project sandaime-hyoutan. Please make sure the project exists and your account has permission to access it.
